<?xml version="1.0" encoding="UTF-8"?>
<dsmask-masking-rules>

    <function name="test-fpe" type="FPE">
        <![CDATA[
            KEY default
            CLASS russian-simple
        ]]>
    </function>

</dsmask-masking-rules>
